<?xml version="1.0" encoding="UTF-8"?>
<!-- Generated by org.testng.reporters.JUnitXMLReporter -->
<testsuite ignored="0" hostname="LAPTOP-DE7E5JDU" failures="0" tests="4" name="Surefire test" time="0.066" errors="0" timestamp="2023-05-30T18:04:13 IST">
  <testcase classname="sample1.loginTest" name="login" time="0.0"/>
  <testcase classname="sample1.registerTest" name="register" time="0.0"/>
  <testcase classname="sample2.p1Test" name="p1test" time="0.0"/>
  <testcase classname="sample2.p2Test" name="p2test" time="0.001"/>
</testsuite> <!-- Surefire test -->
